2023.02.22 14:46:58 INFO  tracing is disabled for protocol LSP, to enable tracing of incoming and outgoing JSON messages create an empty file at /home/brad/Documents/IPDistress/.metals/lsp.trace.json or /home/brad/.cache/metals/lsp.trace.json
2023.02.22 14:46:58 INFO  logging to file /home/brad/Documents/IPDistress/.metals/metals.log
2023.02.22 14:46:58 INFO  Started: Metals version 0.11.10 in workspace '/home/brad/Documents/IPDistress' for client Visual Studio Code 1.75.1.
SLF4J: No SLF4J providers were found.
SLF4J: Defaulting to no-operation (NOP) logger implementation
SLF4J: See https://www.slf4j.org/codes.html#noProviders for further details.
SLF4J: Class path contains SLF4J bindings targeting slf4j-api versions 1.7.x or earlier.
SLF4J: Ignoring binding found at [jar:file:/home/brad/.cache/coursier/v1/https/repo1.maven.org/maven2/com/outr/scribe-slf4j_2.13/3.10.5/scribe-slf4j_2.13-3.10.5.jar!/org/slf4j/impl/StaticLoggerBinder.class]
SLF4J: See https://www.slf4j.org/codes.html#ignoredBindings for an explanation.
2023.02.22 14:47:00 INFO  time: initialize in 1.53s
2023.02.22 14:47:03 WARN  Build server is not auto-connectable.
2023.02.22 14:47:03 WARN  no build target for: /home/brad/Documents/IPDistress/src/main/scala/example/logger/source/Source.scala
2023.02.22 14:47:04 WARN  no build target for: /home/brad/Documents/IPDistress/src/main/scala/example/IOWithResources.scala
Feb 22, 2023 2:47:04 PM org.eclipse.lsp4j.jsonrpc.RemoteEndpoint handleCancellation
WARNING: Unmatched cancel notification for request id 4
2023.02.22 14:47:07 INFO  no build target found for /home/brad/Documents/IPDistress/src/main/scala/example/logger/source/Source.scala. Using presentation compiler with project's scala-library version: 3.2.1
2023.02.22 14:47:09 INFO  time: code lens generation in 6.37s
2023.02.22 14:47:10 INFO  time: code lens generation in 4.78s
2023.02.22 14:56:25 WARN  no build target for: /home/brad/Documents/IPDistress/src/main/scala/example/Main.scala
2023.02.22 14:56:39 WARN  no build target for: /home/brad/Documents/IPDistress/src/main/scala/example/CommandParser.scala
2023.02.22 14:56:43 WARN  no build target for: /home/brad/Documents/IPDistress/src/main/scala/example/socks5/VIMSelectionMessage.scala
2023.02.22 14:56:48 WARN  no build target for: /home/brad/Documents/IPDistress/src/main/scala/example/socks5/SocksReply.scala
2023.02.22 14:56:48 WARN  no build target for: /home/brad/Documents/IPDistress/src/main/scala/example/socks5/Socks5.scala
2023.02.22 14:57:02 WARN  no build target for: /home/brad/Documents/IPDistress/src/main/scala/example/IPv4Addr.scala
2023.02.22 14:58:59 WARN  no build target for: /home/brad/Documents/IPDistress/project/Dependencies.scala
2023.02.22 14:59:21 WARN  no build target for: /home/brad/Documents/IPDistress/project/target/plugins.sbt
2023.02.22 14:59:25 WARN  no build target for: /home/brad/Documents/IPDistress/project/plugins.sbt
2023.02.22 14:59:25 WARN  no build target for: /home/brad/Documents/IPDistress/project/plugins.sbt
2023.02.22 14:59:28 WARN  no build target for: /home/brad/Documents/IPDistress/project/plugins.sbt
2023.02.22 14:59:31 INFO  skipping build import with status 'Dismissed'
2023.02.22 14:59:33 WARN  no build target for: /home/brad/Documents/IPDistress/build.sbt
Feb 22, 2023 2:59:52 PM org.eclipse.lsp4j.jsonrpc.RemoteEndpoint handleCancellation
WARNING: Unmatched cancel notification for request id 78
2023.02.22 15:00:23 WARN  no build target for: /home/brad/Documents/IPDistress/build.sbt
2023.02.22 15:00:23 INFO  skipping build import with status 'Dismissed'
2023.02.22 15:00:24 WARN  no build target for: /home/brad/Documents/IPDistress/build.sbt
2023.02.22 15:00:24 INFO  skipping build import with status 'Dismissed'
2023.02.22 15:00:36 WARN  no build target for: /home/brad/Documents/IPDistress/build.sbt
2023.02.22 15:00:36 INFO  skipping build import with status 'Dismissed'
2023.02.22 15:00:44 WARN  no build target for: /home/brad/Documents/IPDistress/build.sbt
2023.02.22 15:00:44 INFO  skipping build import with status 'Dismissed'
2023.02.22 15:01:03 WARN  no build target for: /home/brad/Documents/IPDistress/build.sbt
2023.02.22 15:01:03 INFO  skipping build import with status 'Dismissed'
2023.02.22 15:01:26 WARN  no build target for: /home/brad/Documents/IPDistress/build.sbt
2023.02.22 15:01:39 WARN  no build target for: /home/brad/Documents/IPDistress/build.sbt
2023.02.22 15:01:39 INFO  skipping build import with status 'Dismissed'
2023.02.22 15:02:17 WARN  no build target for: /home/brad/Documents/IPDistress/build.sbt
2023.02.22 15:03:11 WARN  no build target for: /home/brad/Documents/IPDistress/build.sbt
2023.02.22 15:03:16 WARN  no build target for: /home/brad/Documents/IPDistress/build.sbt
2023.02.22 15:03:18 WARN  no build target for: /home/brad/Documents/IPDistress/build.sbt
2023.02.22 15:04:01 WARN  no build target for: /home/brad/Documents/IPDistress/build.sbt
2023.02.22 15:04:05 WARN  no build target for: /home/brad/Documents/IPDistress/build.sbt
2023.02.22 15:04:07 INFO  skipping build import with status 'Dismissed'
2023.02.22 15:04:17 WARN  no build target for: /home/brad/Documents/IPDistress/build.sbt
2023.02.22 15:04:17 INFO  skipping build import with status 'Dismissed'
2023.02.22 15:06:15 WARN  no build target for: /home/brad/Documents/IPDistress/src/main/scala/example/endpoint/QueryInputGen.scala
2023.02.22 15:06:15 WARN  no build target for: /home/brad/Documents/IPDistress/src/main/scala/example/endpoint/EndPoint.scala
2023.02.22 15:06:15 WARN  no build target for: /home/brad/Documents/IPDistress/src/main/scala/example/endpoint/QueryParam.scala
2023.02.22 15:06:15 WARN  no build target for: /home/brad/Documents/IPDistress/jvm/target/main/scala/endpoint/QueryInputGen.scala
2023.02.22 15:06:15 WARN  no build target for: /home/brad/Documents/IPDistress/jvm/target/main/scala/endpoint/QueryParam.scala
2023.02.22 15:06:15 WARN  no build target for: /home/brad/Documents/IPDistress/jvm/target/main/scala/endpoint/EndPoint.scala
2023.02.22 15:06:24 WARN  no build target for: /home/brad/Documents/IPDistress/src/main/scala/example/logger/LoggerContext.scala
2023.02.22 15:06:24 WARN  no build target for: /home/brad/Documents/IPDistress/src/main/scala/example/logger/LogLevel.scala
2023.02.22 15:06:24 WARN  no build target for: /home/brad/Documents/IPDistress/src/main/scala/example/logger/LoggerSyntax.scala
2023.02.22 15:06:24 WARN  no build target for: /home/brad/Documents/IPDistress/src/main/scala/example/logger/Detail.scala
2023.02.22 15:06:24 WARN  no build target for: /home/brad/Documents/IPDistress/src/main/scala/example/logger/LoggerProvider.scala
2023.02.22 15:06:24 WARN  no build target for: /home/brad/Documents/IPDistress/src/main/scala/example/logger/StandardProviders.scala
2023.02.22 15:06:24 WARN  no build target for: /home/brad/Documents/IPDistress/src/main/scala/example/logger/LogRecord.scala
2023.02.22 15:06:24 WARN  no build target for: /home/brad/Documents/IPDistress/src/main/scala/example/logger/Logger.scala
2023.02.22 15:06:24 WARN  no build target for: /home/brad/Documents/IPDistress/src/main/scala/example/logger/source/Macros.scala
2023.02.22 15:06:25 WARN  no build target for: /home/brad/Documents/IPDistress/jvm/target/main/scala/logger/source/Source.scala
2023.02.22 15:06:25 WARN  no build target for: /home/brad/Documents/IPDistress/jvm/target/main/scala/logger/LoggerSyntax.scala
2023.02.22 15:06:25 WARN  no build target for: /home/brad/Documents/IPDistress/jvm/target/main/scala/logger/LogRecord.scala
2023.02.22 15:06:25 WARN  no build target for: /home/brad/Documents/IPDistress/jvm/target/main/scala/logger/Detail.scala
2023.02.22 15:06:25 WARN  no build target for: /home/brad/Documents/IPDistress/jvm/target/main/scala/logger/source/Macros.scala
2023.02.22 15:06:25 WARN  no build target for: /home/brad/Documents/IPDistress/jvm/target/main/scala/logger/LoggerProvider.scala
2023.02.22 15:06:25 WARN  no build target for: /home/brad/Documents/IPDistress/jvm/target/main/scala/logger/Logger.scala
2023.02.22 15:06:25 WARN  no build target for: /home/brad/Documents/IPDistress/jvm/target/main/scala/logger/LoggerContext.scala
2023.02.22 15:06:25 WARN  no build target for: /home/brad/Documents/IPDistress/jvm/target/main/scala/logger/LogLevel.scala
2023.02.22 15:06:25 WARN  no build target for: /home/brad/Documents/IPDistress/jvm/target/main/scala/logger/StandardProviders.scala
2023.02.22 15:06:36 WARN  no build target for: /home/brad/Documents/IPDistress/src/main/scala/example/router/Relay.scala
2023.02.22 15:06:36 WARN  no build target for: /home/brad/Documents/IPDistress/src/main/scala/example/router/OnionRequest.scala
2023.02.22 15:06:36 WARN  no build target for: /home/brad/Documents/IPDistress/src/main/scala/example/router/RelayKind.scala
2023.02.22 15:06:36 WARN  no build target for: /home/brad/Documents/IPDistress/src/main/scala/example/router/Session.scala
2023.02.22 15:06:36 WARN  no build target for: /home/brad/Documents/IPDistress/src/main/scala/example/router/Router.scala
2023.02.22 15:06:36 WARN  no build target for: /home/brad/Documents/IPDistress/jvm/target/main/scala/router/Router.scala
2023.02.22 15:06:36 WARN  no build target for: /home/brad/Documents/IPDistress/jvm/target/main/scala/router/OnionRequest.scala
2023.02.22 15:06:36 WARN  no build target for: /home/brad/Documents/IPDistress/jvm/target/main/scala/router/Relay.scala
2023.02.22 15:06:36 WARN  no build target for: /home/brad/Documents/IPDistress/jvm/target/main/scala/router/RelayKind.scala
2023.02.22 15:06:36 WARN  no build target for: /home/brad/Documents/IPDistress/jvm/target/main/scala/router/Session.scala
2023.02.22 15:06:44 WARN  no build target for: /home/brad/Documents/IPDistress/src/main/scala/example/socks5/AddressType.scala
2023.02.22 15:06:44 WARN  no build target for: /home/brad/Documents/IPDistress/src/main/scala/example/socks5/Methods.scala
2023.02.22 15:06:44 WARN  no build target for: /home/brad/Documents/IPDistress/src/main/scala/example/socks5/Command.scala
2023.02.22 15:06:44 WARN  no build target for: /home/brad/Documents/IPDistress/src/main/scala/example/socks5/SocksRequest.scala
2023.02.22 15:06:44 WARN  no build target for: /home/brad/Documents/IPDistress/src/main/scala/example/socks5/Reply.scala
2023.02.22 15:06:44 WARN  no build target for: /home/brad/Documents/IPDistress/src/main/scala/example/socks5/Socks5Config.scala
2023.02.22 15:06:44 WARN  no build target for: /home/brad/Documents/IPDistress/src/main/scala/example/socks5/SocksReply.scala
2023.02.22 15:06:44 WARN  no build target for: /home/brad/Documents/IPDistress/jvm/target/main/scala/socks5/VIMSelectionMessage.scala
2023.02.22 15:06:45 WARN  no build target for: /home/brad/Documents/IPDistress/jvm/target/main/scala/socks5/Socks5.scala
2023.02.22 15:06:44 WARN  no build target for: /home/brad/Documents/IPDistress/jvm/target/main/scala/socks5/AddressType.scala
2023.02.22 15:06:44 WARN  no build target for: /home/brad/Documents/IPDistress/jvm/target/main/scala/socks5/Command.scala
2023.02.22 15:06:45 WARN  no build target for: /home/brad/Documents/IPDistress/jvm/target/main/scala/socks5/SocksRequest.scala
2023.02.22 15:06:44 WARN  no build target for: /home/brad/Documents/IPDistress/jvm/target/main/scala/socks5/Methods.scala
2023.02.22 15:06:44 WARN  no build target for: /home/brad/Documents/IPDistress/jvm/target/main/scala/socks5/Reply.scala
2023.02.22 15:06:45 WARN  no build target for: /home/brad/Documents/IPDistress/jvm/target/main/scala/socks5/Socks5Config.scala
2023.02.22 15:06:45 WARN  no build target for: /home/brad/Documents/IPDistress/jvm/target/main/scala/socks5/SocksReply.scala
2023.02.22 15:06:53 WARN  no build target for: /home/brad/Documents/IPDistress/jvm/target/main/scala/endpoint/CommandParser.scala
2023.02.22 15:06:54 WARN  no build target for: /home/brad/Documents/IPDistress/src/main/scala/example/CommandParser.scala
2023.02.22 15:06:58 WARN  no build target for: /home/brad/Documents/IPDistress/jvm/target/main/scala/CommandParser.scala
2023.02.22 15:07:03 WARN  no build target for: /home/brad/Documents/IPDistress/jvm/target/main/scala/IOWithResources.scala
2023.02.22 15:07:07 WARN  no build target for: /home/brad/Documents/IPDistress/jvm/target/main/scala/IPv4Addr.scala
2023.02.22 15:07:11 WARN  no build target for: /home/brad/Documents/IPDistress/jvm/target/main/scala/Main.scala
2023.02.22 15:07:15 WARN  no build target for: /home/brad/Documents/IPDistress/src/main/scala/example/RequestRate.scala
2023.02.22 15:07:15 WARN  no build target for: /home/brad/Documents/IPDistress/jvm/target/main/scala/RequestRate.scala
2023.02.22 15:07:19 WARN  no build target for: /home/brad/Documents/IPDistress/src/main/scala/example/TorConfig.scala
2023.02.22 15:07:19 WARN  no build target for: /home/brad/Documents/IPDistress/jvm/target/main/scala/TorConfig.scala
2023.02.22 15:07:23 WARN  no build target for: /home/brad/Documents/IPDistress/src/main/scala/example/UserAgent.scala
2023.02.22 15:07:23 WARN  no build target for: /home/brad/Documents/IPDistress/jvm/target/main/scala/UserAgent.scala
2023.02.22 15:08:06 WARN  no build target for: /home/brad/Documents/IPDistress/build.sbt
2023.02.22 15:08:12 WARN  no build target for: /home/brad/Documents/IPDistress/jvm/target/main/scala/logger/source/Source.scala
2023.02.22 15:08:12 WARN  no build target for: /home/brad/Documents/IPDistress/jvm/target/main/scala/logger/source/Source.scala
2023.02.22 15:08:15 WARN  no build target for: /home/brad/Documents/IPDistress/jvm/target/main/scala/logger/source/Macros.scala
2023.02.22 15:08:16 WARN  no build target for: /home/brad/Documents/IPDistress/jvm/target/main/scala/logger/LogLevel.scala
2023.02.22 15:08:17 WARN  no build target for: /home/brad/Documents/IPDistress/jvm/target/main/scala/logger/LoggerContext.scala
2023.02.22 15:08:18 WARN  no build target for: /home/brad/Documents/IPDistress/jvm/target/main/scala/logger/Detail.scala
2023.02.22 15:08:22 WARN  no build target for: /home/brad/Documents/IPDistress/jvm/target/main/scala/socks5/VIMSelectionMessage.scala
2023.02.22 15:08:22 WARN  no build target for: /home/brad/Documents/IPDistress/jvm/target/main/scala/socks5/Reply.scala
2023.02.22 15:08:23 WARN  no build target for: /home/brad/Documents/IPDistress/jvm/target/main/scala/socks5/Socks5Config.scala
2023.02.22 15:08:24 WARN  no build target for: /home/brad/Documents/IPDistress/jvm/target/main/scala/logger/LoggerSyntax.scala
2023.02.22 15:08:25 WARN  no build target for: /home/brad/Documents/IPDistress/jvm/target/main/scala/logger/LoggerProvider.scala
2023.02.22 15:08:27 WARN  no build target for: /home/brad/Documents/IPDistress/jvm/target/main/scala/socks5/Socks5.scala
2023.02.22 15:08:28 WARN  no build target for: /home/brad/Documents/IPDistress/jvm/target/main/scala/router/RelayKind.scala
2023.02.22 15:08:28 WARN  no build target for: /home/brad/Documents/IPDistress/jvm/target/main/scala/router/Relay.scala
2023.02.22 15:08:28 WARN  no build target for: /home/brad/Documents/IPDistress/jvm/target/main/scala/router/Router.scala
2023.02.22 15:08:30 WARN  no build target for: /home/brad/Documents/IPDistress/jvm/target/main/scala/router/Session.scala
2023.02.22 15:08:31 WARN  no build target for: /home/brad/Documents/IPDistress/jvm/target/main/scala/router/OnionRequest.scala
2023.02.22 15:08:32 WARN  no build target for: /home/brad/Documents/IPDistress/jvm/target/main/scala/RequestRate.scala
2023.02.22 15:08:33 WARN  no build target for: /home/brad/Documents/IPDistress/jvm/target/main/scala/TorConfig.scala
2023.02.22 15:08:34 WARN  no build target for: /home/brad/Documents/IPDistress/jvm/target/main/scala/UserAgent.scala
2023.02.22 15:08:35 WARN  no build target for: /home/brad/Documents/IPDistress/jvm/target/main/scala/IPv4Addr.scala
2023.02.22 15:08:36 WARN  no build target for: /home/brad/Documents/IPDistress/jvm/target/main/scala/IOWithResources.scala
2023.02.22 15:08:39 WARN  no build target for: /home/brad/Documents/IPDistress/jvm/target/main/scala/socks5/Methods.scala
2023.02.22 15:08:43 WARN  no build target for: /home/brad/Documents/IPDistress/jvm/target/main/scala/socks5/Command.scala
2023.02.22 15:08:43 WARN  no build target for: /home/brad/Documents/IPDistress/jvm/target/main/scala/socks5/AddressType.scala
2023.02.22 15:08:46 WARN  no build target for: /home/brad/Documents/IPDistress/jvm/target/main/scala/Main.scala
2023.02.22 15:08:48 WARN  no build target for: /home/brad/Documents/IPDistress/jvm/target/main/scala/CommandParser.scala
2023.02.22 15:08:49 WARN  no build target for: /home/brad/Documents/IPDistress/jvm/target/main/scala/CommandParser.scala
2023.02.22 15:08:50 WARN  no build target for: /home/brad/Documents/IPDistress/jvm/target/main/scala/logger/Logger.scala
2023.02.22 15:08:50 WARN  no build target for: /home/brad/Documents/IPDistress/jvm/target/main/scala/logger/LogRecord.scala
2023.02.22 15:08:52 WARN  no build target for: /home/brad/Documents/IPDistress/jvm/target/main/scala/logger/StandardProviders.scala
2023.02.22 15:08:57 WARN  no build target for: /home/brad/Documents/IPDistress/jvm/target/main/scala/socks5/SocksRequest.scala
2023.02.22 15:08:59 WARN  no build target for: /home/brad/Documents/IPDistress/jvm/target/main/scala/socks5/SocksReply.scala
2023.02.22 15:09:00 WARN  no build target for: /home/brad/Documents/IPDistress/jvm/target/main/scala/endpoint/QueryInputGen.scala
2023.02.22 15:09:01 WARN  no build target for: /home/brad/Documents/IPDistress/jvm/target/main/scala/endpoint/QueryParam.scala
2023.02.22 15:09:02 WARN  no build target for: /home/brad/Documents/IPDistress/jvm/target/main/scala/endpoint/EndPoint.scala
2023.02.22 15:09:44 WARN  no build target for: /home/brad/Documents/IPDistress/jvm/target/main/scala/logger/Logger.scala
2023.02.22 15:09:45 WARN  no build target for: /home/brad/Documents/IPDistress/jvm/target/main/scala/logger/LoggerContext.scala
2023.02.22 15:09:58 WARN  no build target for: /home/brad/Documents/IPDistress/jvm/target/main/scala/socks5/AddressType.scala
2023.02.22 15:10:21 WARN  no build target for: /home/brad/Documents/IPDistress/jvm/target/main/scala/socks5/AddressType.scala
2023.02.22 15:10:22 WARN  no build target for: /home/brad/Documents/IPDistress/jvm/target/main/scala/socks5/Command.scala
2023.02.22 15:10:23 WARN  no build target for: /home/brad/Documents/IPDistress/jvm/target/main/scala/socks5/Command.scala
2023.02.22 15:10:24 WARN  no build target for: /home/brad/Documents/IPDistress/jvm/target/main/scala/socks5/Methods.scala
2023.02.22 15:10:25 WARN  no build target for: /home/brad/Documents/IPDistress/jvm/target/main/scala/socks5/Methods.scala
2023.02.22 15:10:26 WARN  no build target for: /home/brad/Documents/IPDistress/jvm/target/main/scala/socks5/Reply.scala
2023.02.22 15:10:28 WARN  no build target for: /home/brad/Documents/IPDistress/jvm/target/main/scala/socks5/Reply.scala
2023.02.22 15:10:29 WARN  no build target for: /home/brad/Documents/IPDistress/jvm/target/main/scala/socks5/Socks5.scala
2023.02.22 15:10:30 WARN  no build target for: /home/brad/Documents/IPDistress/jvm/target/main/scala/socks5/Socks5.scala
2023.02.22 15:10:31 WARN  no build target for: /home/brad/Documents/IPDistress/jvm/target/main/scala/socks5/Socks5Config.scala
2023.02.22 15:10:32 WARN  no build target for: /home/brad/Documents/IPDistress/jvm/target/main/scala/socks5/Socks5Config.scala
2023.02.22 15:10:32 WARN  no build target for: /home/brad/Documents/IPDistress/jvm/target/main/scala/socks5/SocksReply.scala
2023.02.22 15:10:34 WARN  no build target for: /home/brad/Documents/IPDistress/jvm/target/main/scala/socks5/SocksReply.scala
2023.02.22 15:10:35 WARN  no build target for: /home/brad/Documents/IPDistress/jvm/target/main/scala/socks5/SocksRequest.scala
2023.02.22 15:10:37 WARN  no build target for: /home/brad/Documents/IPDistress/jvm/target/main/scala/socks5/SocksRequest.scala
2023.02.22 15:10:38 WARN  no build target for: /home/brad/Documents/IPDistress/jvm/target/main/scala/socks5/VIMSelectionMessage.scala
2023.02.22 15:10:40 WARN  no build target for: /home/brad/Documents/IPDistress/jvm/target/main/scala/socks5/VIMSelectionMessage.scala
2023.02.22 15:10:51 WARN  no build target for: /home/brad/Documents/IPDistress/jvm/target/main/scala/router/OnionRequest.scala
2023.02.22 15:10:56 WARN  no build target for: /home/brad/Documents/IPDistress/jvm/target/main/scala/router/OnionRequest.scala
2023.02.22 15:10:57 WARN  no build target for: /home/brad/Documents/IPDistress/jvm/target/main/scala/router/Relay.scala
2023.02.22 15:10:58 WARN  no build target for: /home/brad/Documents/IPDistress/jvm/target/main/scala/router/Relay.scala
2023.02.22 15:10:59 WARN  no build target for: /home/brad/Documents/IPDistress/jvm/target/main/scala/router/Relay.scala
2023.02.22 15:11:00 WARN  no build target for: /home/brad/Documents/IPDistress/jvm/target/main/scala/router/RelayKind.scala
2023.02.22 15:11:01 WARN  no build target for: /home/brad/Documents/IPDistress/jvm/target/main/scala/router/RelayKind.scala
2023.02.22 15:11:02 WARN  no build target for: /home/brad/Documents/IPDistress/jvm/target/main/scala/router/Router.scala
2023.02.22 15:11:04 WARN  no build target for: /home/brad/Documents/IPDistress/jvm/target/main/scala/router/Router.scala
2023.02.22 15:11:04 WARN  no build target for: /home/brad/Documents/IPDistress/jvm/target/main/scala/router/Session.scala
2023.02.22 15:11:06 WARN  no build target for: /home/brad/Documents/IPDistress/jvm/target/main/scala/router/Session.scala
2023.02.22 15:11:26 WARN  no build target for: /home/brad/Documents/IPDistress/jvm/target/main/scala/logger/source/Macros.scala
2023.02.22 15:11:27 WARN  no build target for: /home/brad/Documents/IPDistress/jvm/target/main/scala/logger/Detail.scala
2023.02.22 15:11:37 WARN  no build target for: /home/brad/Documents/IPDistress/jvm/target/main/scala/logger/Detail.scala
2023.02.22 15:11:38 WARN  no build target for: /home/brad/Documents/IPDistress/jvm/target/main/scala/logger/Logger.scala
2023.02.22 15:11:40 WARN  no build target for: /home/brad/Documents/IPDistress/jvm/target/main/scala/logger/Logger.scala
2023.02.22 15:11:41 WARN  no build target for: /home/brad/Documents/IPDistress/jvm/target/main/scala/logger/LoggerContext.scala
2023.02.22 15:11:42 WARN  no build target for: /home/brad/Documents/IPDistress/jvm/target/main/scala/logger/LoggerContext.scala
2023.02.22 15:11:42 WARN  no build target for: /home/brad/Documents/IPDistress/jvm/target/main/scala/logger/LoggerProvider.scala
2023.02.22 15:11:44 WARN  no build target for: /home/brad/Documents/IPDistress/jvm/target/main/scala/logger/LoggerProvider.scala
2023.02.22 15:11:45 WARN  no build target for: /home/brad/Documents/IPDistress/jvm/target/main/scala/logger/LoggerSyntax.scala
2023.02.22 15:11:47 WARN  no build target for: /home/brad/Documents/IPDistress/jvm/target/main/scala/logger/LoggerSyntax.scala
2023.02.22 15:11:48 WARN  no build target for: /home/brad/Documents/IPDistress/jvm/target/main/scala/logger/LogLevel.scala
2023.02.22 15:11:49 WARN  no build target for: /home/brad/Documents/IPDistress/jvm/target/main/scala/logger/LogLevel.scala
2023.02.22 15:11:50 WARN  no build target for: /home/brad/Documents/IPDistress/jvm/target/main/scala/logger/LogRecord.scala
2023.02.22 15:11:51 WARN  no build target for: /home/brad/Documents/IPDistress/jvm/target/main/scala/logger/LogRecord.scala
2023.02.22 15:11:52 WARN  no build target for: /home/brad/Documents/IPDistress/jvm/target/main/scala/logger/StandardProviders.scala
2023.02.22 15:11:54 WARN  no build target for: /home/brad/Documents/IPDistress/jvm/target/main/scala/logger/StandardProviders.scala
2023.02.22 15:12:01 WARN  no build target for: /home/brad/Documents/IPDistress/jvm/target/main/scala/logger/source/Source.scala
2023.02.22 15:12:04 WARN  no build target for: /home/brad/Documents/IPDistress/jvm/target/main/scala/logger/source/Source.scala
2023.02.22 15:12:05 WARN  no build target for: /home/brad/Documents/IPDistress/jvm/target/main/scala/logger/source/Macros.scala
2023.02.22 15:12:07 WARN  no build target for: /home/brad/Documents/IPDistress/jvm/target/main/scala/logger/source/Macros.scala
2023.02.22 15:12:10 WARN  no build target for: /home/brad/Documents/IPDistress/jvm/target/main/scala/logger/source/Macros.scala
2023.02.22 15:12:15 WARN  no build target for: /home/brad/Documents/IPDistress/jvm/target/main/scala/endpoint/EndPoint.scala
2023.02.22 15:12:21 WARN  no build target for: /home/brad/Documents/IPDistress/jvm/target/main/scala/socks5/AddressType.scala
2023.02.22 15:12:25 WARN  no build target for: /home/brad/Documents/IPDistress/jvm/target/main/scala/endpoint/EndPoint.scala
2023.02.22 15:12:26 WARN  no build target for: /home/brad/Documents/IPDistress/jvm/target/main/scala/endpoint/QueryInputGen.scala
2023.02.22 15:12:27 WARN  no build target for: /home/brad/Documents/IPDistress/jvm/target/main/scala/endpoint/QueryInputGen.scala
2023.02.22 15:12:28 WARN  no build target for: /home/brad/Documents/IPDistress/jvm/target/main/scala/endpoint/QueryParam.scala
2023.02.22 15:12:30 WARN  no build target for: /home/brad/Documents/IPDistress/jvm/target/main/scala/endpoint/QueryParam.scala
2023.02.22 15:12:31 WARN  no build target for: /home/brad/Documents/IPDistress/jvm/target/main/scala/socks5/AddressType.scala
2023.02.22 15:12:40 WARN  no build target for: /home/brad/Documents/IPDistress/jvm/target/main/scala/socks5/AddressType.scala
2023.02.22 15:12:41 WARN  no build target for: /home/brad/Documents/IPDistress/jvm/target/main/scala/socks5/Command.scala
2023.02.22 15:12:44 WARN  no build target for: /home/brad/Documents/IPDistress/jvm/target/main/scala/socks5/Command.scala
2023.02.22 15:12:46 WARN  no build target for: /home/brad/Documents/IPDistress/jvm/target/main/scala/socks5/Methods.scala
2023.02.22 15:12:48 WARN  no build target for: /home/brad/Documents/IPDistress/jvm/target/main/scala/socks5/Methods.scala
2023.02.22 15:12:49 WARN  no build target for: /home/brad/Documents/IPDistress/jvm/target/main/scala/socks5/Reply.scala
2023.02.22 15:12:50 WARN  no build target for: /home/brad/Documents/IPDistress/jvm/target/main/scala/socks5/Reply.scala
2023.02.22 15:12:51 WARN  no build target for: /home/brad/Documents/IPDistress/jvm/target/main/scala/socks5/Socks5.scala
2023.02.22 15:12:53 WARN  no build target for: /home/brad/Documents/IPDistress/jvm/target/main/scala/socks5/Socks5.scala
2023.02.22 15:12:55 WARN  no build target for: /home/brad/Documents/IPDistress/jvm/target/main/scala/socks5/Socks5Config.scala
2023.02.22 15:12:57 WARN  no build target for: /home/brad/Documents/IPDistress/jvm/target/main/scala/socks5/Socks5Config.scala
2023.02.22 15:12:58 WARN  no build target for: /home/brad/Documents/IPDistress/jvm/target/main/scala/socks5/SocksReply.scala
2023.02.22 15:12:59 WARN  no build target for: /home/brad/Documents/IPDistress/jvm/target/main/scala/socks5/SocksReply.scala
2023.02.22 15:13:01 WARN  no build target for: /home/brad/Documents/IPDistress/jvm/target/main/scala/socks5/SocksRequest.scala
2023.02.22 15:13:02 WARN  no build target for: /home/brad/Documents/IPDistress/jvm/target/main/scala/socks5/SocksRequest.scala
2023.02.22 15:13:03 WARN  no build target for: /home/brad/Documents/IPDistress/jvm/target/main/scala/socks5/VIMSelectionMessage.scala
2023.02.22 15:13:04 WARN  no build target for: /home/brad/Documents/IPDistress/jvm/target/main/scala/socks5/VIMSelectionMessage.scala
2023.02.22 15:14:29 WARN  no build target for: /home/brad/Documents/IPDistress/jvm/target/main/scala/router/OnionRequest.scala
2023.02.22 15:14:29 WARN  no build target for: /home/brad/Documents/IPDistress/jvm/target/main/scala/router/Relay.scala
2023.02.22 15:14:29 WARN  no build target for: /home/brad/Documents/IPDistress/jvm/target/main/scala/TorConfig.scala
2023.02.22 15:14:29 WARN  no build target for: /home/brad/Documents/IPDistress/jvm/target/main/scala/router/Session.scala
2023.02.22 15:14:29 WARN  no build target for: /home/brad/Documents/IPDistress/jvm/target/main/scala/router/RelayKind.scala
2023.02.22 15:14:29 WARN  no build target for: /home/brad/Documents/IPDistress/jvm/target/main/scala/router/Router.scala
2023.02.22 15:14:29 WARN  no build target for: /home/brad/Documents/IPDistress/jvm/target/main/scala/IPv4Addr.scala
2023.02.22 15:14:30 WARN  no build target for: /home/brad/Documents/IPDistress/jvm/main/scala/logger/Detail.scala
2023.02.22 15:14:30 WARN  no build target for: /home/brad/Documents/IPDistress/jvm/main/scala/logger/Logger.scala
2023.02.22 15:14:30 WARN  no build target for: /home/brad/Documents/IPDistress/jvm/main/scala/logger/LoggerContext.scala
2023.02.22 15:14:30 WARN  no build target for: /home/brad/Documents/IPDistress/jvm/main/scala/logger/LoggerProvider.scala
2023.02.22 15:14:30 WARN  no build target for: /home/brad/Documents/IPDistress/jvm/main/scala/logger/LoggerSyntax.scala
2023.02.22 15:14:30 WARN  no build target for: /home/brad/Documents/IPDistress/jvm/main/scala/logger/LogLevel.scala
2023.02.22 15:14:29 WARN  no build target for: /home/brad/Documents/IPDistress/jvm/main/scala/logger/LogRecord.scala
2023.02.22 15:14:29 WARN  no build target for: /home/brad/Documents/IPDistress/jvm/main/scala/logger/StandardProviders.scala
2023.02.22 15:14:30 WARN  no build target for: /home/brad/Documents/IPDistress/jvm/main/scala/logger/source/Source.scala
2023.02.22 15:14:30 WARN  no build target for: /home/brad/Documents/IPDistress/jvm/main/scala/logger/source/Macros.scala
2023.02.22 15:14:30 WARN  no build target for: /home/brad/Documents/IPDistress/jvm/main/scala/endpoint/EndPoint.scala
2023.02.22 15:14:30 WARN  no build target for: /home/brad/Documents/IPDistress/jvm/main/scala/endpoint/QueryInputGen.scala
2023.02.22 15:14:30 WARN  no build target for: /home/brad/Documents/IPDistress/jvm/main/scala/endpoint/QueryParam.scala
2023.02.22 15:14:30 WARN  no build target for: /home/brad/Documents/IPDistress/jvm/main/scala/socks5/AddressType.scala
2023.02.22 15:14:30 WARN  no build target for: /home/brad/Documents/IPDistress/jvm/main/scala/socks5/Command.scala
2023.02.22 15:14:30 WARN  no build target for: /home/brad/Documents/IPDistress/jvm/main/scala/socks5/Methods.scala
2023.02.22 15:14:30 WARN  no build target for: /home/brad/Documents/IPDistress/jvm/main/scala/socks5/Reply.scala
2023.02.22 15:14:30 WARN  no build target for: /home/brad/Documents/IPDistress/jvm/main/scala/socks5/Socks5.scala
2023.02.22 15:14:30 WARN  no build target for: /home/brad/Documents/IPDistress/jvm/main/scala/socks5/Socks5Config.scala
2023.02.22 15:14:30 WARN  no build target for: /home/brad/Documents/IPDistress/jvm/main/scala/socks5/SocksReply.scala
2023.02.22 15:14:30 WARN  no build target for: /home/brad/Documents/IPDistress/jvm/main/scala/socks5/SocksRequest.scala
2023.02.22 15:14:30 WARN  no build target for: /home/brad/Documents/IPDistress/jvm/main/scala/socks5/VIMSelectionMessage.scala
2023.02.22 15:14:30 WARN  no build target for: /home/brad/Documents/IPDistress/jvm/main/scala/router/OnionRequest.scala
2023.02.22 15:14:30 WARN  no build target for: /home/brad/Documents/IPDistress/jvm/main/scala/router/Router.scala
2023.02.22 15:14:30 WARN  no build target for: /home/brad/Documents/IPDistress/jvm/main/scala/IPv4Addr.scala
2023.02.22 15:14:30 WARN  no build target for: /home/brad/Documents/IPDistress/jvm/main/scala/router/Relay.scala
2023.02.22 15:14:30 WARN  no build target for: /home/brad/Documents/IPDistress/jvm/main/scala/TorConfig.scala
2023.02.22 15:14:30 WARN  no build target for: /home/brad/Documents/IPDistress/jvm/main/scala/router/Session.scala
2023.02.22 15:14:30 WARN  no build target for: /home/brad/Documents/IPDistress/jvm/main/scala/router/RelayKind.scala
2023.02.22 15:14:32 WARN  no build target for: /home/brad/Documents/IPDistress/jvm/main/scala/CommandParser.scala
2023.02.22 15:14:58 WARN  no build target for: /home/brad/Documents/IPDistress/jvm/main/scala/IOWithResources.scala
2023.02.22 15:15:28 WARN  no build target for: /home/brad/Documents/IPDistress/jvm/main/scala/Main.scala
2023.02.22 15:15:29 WARN  no build target for: /home/brad/Documents/IPDistress/jvm/main/scala/RequestRate.scala
2023.02.22 15:18:58 WARN  no build target for: /home/brad/Documents/IPDistress/project/Dependencies.scala
2023.02.22 15:18:58 WARN  no build target for: /home/brad/Documents/IPDistress/project/plugins.sbt
2023.02.22 15:19:20 WARN  no build target for: /home/brad/Documents/IPDistress/project/plugins.sbt
2023.02.22 15:19:28 WARN  no build target for: /home/brad/Documents/IPDistress/build.sbt
2023.02.22 15:19:58 WARN  no build target for: /home/brad/Documents/IPDistress/build.sbt
Feb 22, 2023 3:21:45 PM org.eclipse.lsp4j.jsonrpc.RemoteEndpoint handleCancellation
WARNING: Unmatched cancel notification for request id 1738
2023.02.22 15:21:58 WARN  no build target for: /home/brad/Documents/IPDistress/build.sbt
2023.02.22 15:21:58 INFO  skipping build import with status 'Dismissed'
2023.02.22 15:22:57 WARN  no build target for: /home/brad/Documents/IPDistress/project/plugins.sbt
2023.02.22 15:23:24 WARN  no build target for: /home/brad/Documents/IPDistress/js/main/scala/package.scala
2023.02.22 15:23:32 WARN  no build target for: /home/brad/Documents/IPDistress/js/main/scala/main.scala
2023.02.22 15:23:37 WARN  no build target for: /home/brad/Documents/IPDistress/js/main/scala/Main.scala
2023.02.22 15:23:55 WARN  no build target for: /home/brad/Documents/IPDistress/js/main/scala/Main.scala
2023.02.22 15:25:09 WARN  no build target for: /home/brad/Documents/IPDistress/build.sbt
2023.02.22 15:25:16 WARN  no build target for: /home/brad/Documents/IPDistress/build.sbt
2023.02.22 15:25:16 INFO  skipping build import with status 'Dismissed'
2023.02.22 15:25:44 WARN  no build target for: /home/brad/Documents/IPDistress/js/main/scala/Main.scala
2023.02.22 15:28:10 WARN  no build target for: /home/brad/Documents/IPDistress/js/main/scala/Main.scala
2023.02.22 15:28:47 WARN  no build target for: /home/brad/Documents/IPDistress/build.sbt
2023.02.22 15:29:15 WARN  no build target for: /home/brad/Documents/IPDistress/build.sbt
2023.02.22 15:29:15 INFO  skipping build import with status 'Dismissed'
2023.02.22 15:32:40 WARN  no build target for: /home/brad/Documents/IPDistress/build.sbt
2023.02.22 15:34:05 WARN  no build target for: /home/brad/Documents/IPDistress/build.sbt
2023.02.22 15:34:05 INFO  skipping build import with status 'Dismissed'
2023.02.22 15:34:10 WARN  no build target for: /home/brad/Documents/IPDistress/build.sbt
2023.02.22 15:34:10 INFO  skipping build import with status 'Dismissed'
2023.02.22 15:34:14 WARN  no build target for: /home/brad/Documents/IPDistress/build.sbt
2023.02.22 15:34:14 INFO  skipping build import with status 'Dismissed'
2023.02.22 15:34:31 WARN  no build target for: /home/brad/Documents/IPDistress/build.sbt
2023.02.22 15:34:31 INFO  skipping build import with status 'Dismissed'
2023.02.22 15:35:22 WARN  no build target for: /home/brad/Documents/IPDistress/build.sbt
2023.02.22 15:36:47 WARN  no build target for: /home/brad/Documents/IPDistress/project/Dependencies.scala
2023.02.22 15:37:10 WARN  no build target for: /home/brad/Documents/IPDistress/build.sbt
2023.02.22 15:37:10 INFO  skipping build import with status 'Dismissed'
2023.02.22 15:37:35 WARN  no build target for: /home/brad/Documents/IPDistress/build.sbt
2023.02.22 15:38:08 WARN  no build target for: /home/brad/Documents/IPDistress/js/main/scala/Main.scala
2023.02.22 15:41:15 WARN  no build target for: /home/brad/Documents/IPDistress/js/src/scala/Main.scala
2023.02.22 15:41:20 WARN  no build target for: /home/brad/Documents/IPDistress/js/src/scala/Main.scala
2023.02.22 15:41:40 WARN  no build target for: /home/brad/Documents/IPDistress/js/src/scala/Main.scala
2023.02.22 15:41:45 WARN  no build target for: /home/brad/Documents/IPDistress/js/src/scala/Main.scala
2023.02.22 15:42:24 WARN  no build target for: /home/brad/Documents/IPDistress/build.sbt
2023.02.22 15:46:10 WARN  no build target for: /home/brad/Documents/IPDistress/build.sbt
2023.02.22 15:47:55 WARN  no build target for: /home/brad/Documents/IPDistress/js/src/main/scala/Main.scala
2023.02.22 15:48:01 WARN  no build target for: /home/brad/Documents/IPDistress/build.sbt
2023.02.22 15:48:02 WARN  no build target for: /home/brad/Documents/IPDistress/js/src/main/scala/Main.scala
2023.02.22 15:48:17 WARN  no build target for: /home/brad/Documents/IPDistress/build.sbt
2023.02.22 15:48:17 INFO  skipping build import with status 'Dismissed'
2023.02.22 15:53:55 WARN  no build target for: /home/brad/Documents/IPDistress/jvm/src/main/scala/logger/Detail.scala
2023.02.22 15:53:55 WARN  no build target for: /home/brad/Documents/IPDistress/jvm/src/main/scala/logger/LoggerContext.scala
2023.02.22 15:53:55 WARN  no build target for: /home/brad/Documents/IPDistress/jvm/src/main/scala/logger/LoggerProvider.scala
2023.02.22 15:53:55 WARN  no build target for: /home/brad/Documents/IPDistress/jvm/src/main/scala/logger/LoggerSyntax.scala
2023.02.22 15:53:55 WARN  no build target for: /home/brad/Documents/IPDistress/jvm/src/main/scala/logger/Logger.scala
2023.02.22 15:53:55 WARN  no build target for: /home/brad/Documents/IPDistress/jvm/src/main/scala/logger/LogLevel.scala
2023.02.22 15:53:55 WARN  no build target for: /home/brad/Documents/IPDistress/jvm/src/main/scala/logger/LogRecord.scala
2023.02.22 15:53:55 WARN  no build target for: /home/brad/Documents/IPDistress/jvm/src/main/scala/logger/StandardProviders.scala
2023.02.22 15:53:55 WARN  no build target for: /home/brad/Documents/IPDistress/jvm/src/main/scala/logger/source/Source.scala
2023.02.22 15:53:55 WARN  no build target for: /home/brad/Documents/IPDistress/jvm/src/main/scala/logger/source/Macros.scala
2023.02.22 15:53:55 WARN  no build target for: /home/brad/Documents/IPDistress/jvm/src/main/scala/endpoint/EndPoint.scala
2023.02.22 15:53:55 WARN  no build target for: /home/brad/Documents/IPDistress/jvm/src/main/scala/endpoint/QueryInputGen.scala
2023.02.22 15:53:55 WARN  no build target for: /home/brad/Documents/IPDistress/jvm/src/main/scala/endpoint/QueryParam.scala
2023.02.22 15:53:55 WARN  no build target for: /home/brad/Documents/IPDistress/jvm/src/main/scala/socks5/AddressType.scala
2023.02.22 15:53:55 WARN  no build target for: /home/brad/Documents/IPDistress/jvm/src/main/scala/socks5/Command.scala
2023.02.22 15:53:55 WARN  no build target for: /home/brad/Documents/IPDistress/jvm/src/main/scala/socks5/Methods.scala
2023.02.22 15:53:55 WARN  no build target for: /home/brad/Documents/IPDistress/jvm/src/main/scala/socks5/Reply.scala
2023.02.22 15:53:55 WARN  no build target for: /home/brad/Documents/IPDistress/jvm/src/main/scala/socks5/Socks5.scala
2023.02.22 15:53:55 WARN  no build target for: /home/brad/Documents/IPDistress/jvm/src/main/scala/socks5/Socks5Config.scala
2023.02.22 15:53:55 WARN  no build target for: /home/brad/Documents/IPDistress/jvm/src/main/scala/socks5/SocksRequest.scala
2023.02.22 15:53:55 WARN  no build target for: /home/brad/Documents/IPDistress/jvm/src/main/scala/socks5/VIMSelectionMessage.scala
2023.02.22 15:53:55 WARN  no build target for: /home/brad/Documents/IPDistress/jvm/src/main/scala/socks5/SocksReply.scala
2023.02.22 15:53:55 WARN  no build target for: /home/brad/Documents/IPDistress/jvm/src/main/scala/router/OnionRequest.scala
2023.02.22 15:53:55 WARN  no build target for: /home/brad/Documents/IPDistress/jvm/src/main/scala/router/Router.scala
2023.02.22 15:53:55 WARN  no build target for: /home/brad/Documents/IPDistress/jvm/src/main/scala/IPv4Addr.scala
2023.02.22 15:53:55 WARN  no build target for: /home/brad/Documents/IPDistress/jvm/src/main/scala/router/Relay.scala
2023.02.22 15:53:55 WARN  no build target for: /home/brad/Documents/IPDistress/jvm/src/main/scala/TorConfig.scala
2023.02.22 15:53:55 WARN  no build target for: /home/brad/Documents/IPDistress/jvm/src/main/scala/router/Session.scala
2023.02.22 15:53:55 WARN  no build target for: /home/brad/Documents/IPDistress/jvm/src/main/scala/router/RelayKind.scala
2023.02.22 15:54:03 WARN  no build target for: /home/brad/Documents/IPDistress/jvm/src/main/scala/CommandParser.scala
2023.02.22 15:54:14 WARN  no build target for: /home/brad/Documents/IPDistress/js/src/main/scala/Main.scala
2023.02.22 15:54:16 WARN  no build target for: /home/brad/Documents/IPDistress/jvm/src/main/scala/UserAgent.scala
2023.02.22 15:54:21 WARN  no build target for: /home/brad/Documents/IPDistress/jvm/src/main/scala/UserAgent.scala
2023.02.22 15:54:22 WARN  no build target for: /home/brad/Documents/IPDistress/jvm/src/main/scala/UserAgent.scala
2023.02.22 15:54:25 WARN  no build target for: /home/brad/Documents/IPDistress/jvm/src/main/scala/TorConfig.scala
2023.02.22 15:54:26 WARN  no build target for: /home/brad/Documents/IPDistress/jvm/src/main/scala/RequestRate.scala
2023.02.22 15:54:27 WARN  no build target for: /home/brad/Documents/IPDistress/jvm/src/main/scala/RequestRate.scala
2023.02.22 15:54:28 WARN  no build target for: /home/brad/Documents/IPDistress/jvm/src/main/scala/Main.scala
2023.02.22 15:54:30 WARN  no build target for: /home/brad/Documents/IPDistress/jvm/src/main/scala/Main.scala
2023.02.22 15:54:33 WARN  no build target for: /home/brad/Documents/IPDistress/jvm/src/main/scala/Main.scala
2023.02.22 15:54:36 WARN  no build target for: /home/brad/Documents/IPDistress/jvm/src/main/scala/IPv4Addr.scala
2023.02.22 15:54:38 WARN  no build target for: /home/brad/Documents/IPDistress/jvm/src/main/scala/IOWithResources.scala
2023.02.22 15:54:40 WARN  no build target for: /home/brad/Documents/IPDistress/jvm/src/main/scala/IOWithResources.scala
2023.02.22 15:54:40 WARN  no build target for: /home/brad/Documents/IPDistress/jvm/src/main/scala/CommandParser.scala
2023.02.22 15:54:41 WARN  no build target for: /home/brad/Documents/IPDistress/jvm/src/main/scala/CommandParser.scala
2023.02.22 15:54:51 WARN  no build target for: /home/brad/Documents/IPDistress/jvm/src/main/scala/socks5/VIMSelectionMessage.scala
2023.02.22 15:54:53 WARN  no build target for: /home/brad/Documents/IPDistress/jvm/src/main/scala/socks5/SocksRequest.scala
2023.02.22 15:54:56 WARN  no build target for: /home/brad/Documents/IPDistress/jvm/src/main/scala/socks5/SocksReply.scala
2023.02.22 15:54:59 WARN  no build target for: /home/brad/Documents/IPDistress/jvm/src/main/scala/socks5/Socks5Config.scala
2023.02.22 15:55:01 WARN  no build target for: /home/brad/Documents/IPDistress/jvm/src/main/scala/socks5/Socks5.scala
2023.02.22 15:55:04 WARN  no build target for: /home/brad/Documents/IPDistress/jvm/src/main/scala/socks5/Reply.scala
2023.02.22 15:55:06 WARN  no build target for: /home/brad/Documents/IPDistress/jvm/src/main/scala/socks5/Methods.scala
2023.02.22 15:55:09 WARN  no build target for: /home/brad/Documents/IPDistress/jvm/src/main/scala/socks5/Command.scala
2023.02.22 15:55:11 WARN  no build target for: /home/brad/Documents/IPDistress/jvm/src/main/scala/socks5/AddressType.scala
2023.02.22 15:55:23 WARN  no build target for: /home/brad/Documents/IPDistress/jvm/src/main/scala/router/Session.scala
2023.02.22 15:55:25 WARN  no build target for: /home/brad/Documents/IPDistress/jvm/src/main/scala/router/Router.scala
2023.02.22 15:55:28 WARN  no build target for: /home/brad/Documents/IPDistress/jvm/src/main/scala/router/RelayKind.scala
2023.02.22 15:55:30 WARN  no build target for: /home/brad/Documents/IPDistress/jvm/src/main/scala/router/Relay.scala
2023.02.22 15:55:32 WARN  no build target for: /home/brad/Documents/IPDistress/jvm/src/main/scala/router/OnionRequest.scala
2023.02.22 15:55:42 WARN  no build target for: /home/brad/Documents/IPDistress/jvm/src/main/scala/logger/Detail.scala
2023.02.22 15:55:44 WARN  no build target for: /home/brad/Documents/IPDistress/jvm/src/main/scala/logger/Logger.scala
2023.02.22 15:55:47 WARN  no build target for: /home/brad/Documents/IPDistress/jvm/src/main/scala/logger/LoggerContext.scala
2023.02.22 15:55:49 WARN  no build target for: /home/brad/Documents/IPDistress/jvm/src/main/scala/logger/LoggerProvider.scala
2023.02.22 15:55:51 WARN  no build target for: /home/brad/Documents/IPDistress/jvm/src/main/scala/logger/LoggerSyntax.scala
2023.02.22 15:55:53 WARN  no build target for: /home/brad/Documents/IPDistress/jvm/src/main/scala/logger/LogLevel.scala
2023.02.22 15:55:56 WARN  no build target for: /home/brad/Documents/IPDistress/jvm/src/main/scala/logger/LogRecord.scala
2023.02.22 15:55:58 WARN  no build target for: /home/brad/Documents/IPDistress/jvm/src/main/scala/logger/StandardProviders.scala
2023.02.22 15:56:05 WARN  no build target for: /home/brad/Documents/IPDistress/jvm/src/main/scala/logger/source/Macros.scala
2023.02.22 15:56:09 WARN  no build target for: /home/brad/Documents/IPDistress/jvm/src/main/scala/logger/source/Source.scala
2023.02.22 15:56:20 WARN  no build target for: /home/brad/Documents/IPDistress/jvm/src/main/scala/endpoint/EndPoint.scala
2023.02.22 15:56:23 WARN  no build target for: /home/brad/Documents/IPDistress/jvm/src/main/scala/endpoint/QueryInputGen.scala
2023.02.22 15:56:24 WARN  no build target for: /home/brad/Documents/IPDistress/jvm/src/main/scala/endpoint/QueryParam.scala
2023.02.22 15:59:30 WARN  no build target for: /home/brad/Documents/IPDistress/js/src/main/scala/Navbar.scala
2023.02.22 15:59:40 WARN  no build target for: /home/brad/Documents/IPDistress/js/src/main/scala/Navbar.scala
2023.02.22 15:59:49 WARN  no build target for: /home/brad/Documents/IPDistress/js/src/main/scala/Navbar.scala
2023.02.22 16:00:17 WARN  no build target for: /home/brad/Documents/IPDistress/js/src/main/scala/Navbar.scala
2023.02.22 16:05:25 WARN  no build target for: /home/brad/Documents/IPDistress/project/plugins.sbt
2023.02.22 16:05:33 WARN  no build target for: /home/brad/Documents/IPDistress/build.sbt
2023.02.22 16:05:57 WARN  no build target for: /home/brad/Documents/IPDistress/build.sbt
2023.02.22 16:09:12 WARN  no build target for: /home/brad/Documents/IPDistress/build.sbt
2023.02.22 16:09:34 WARN  no build target for: /home/brad/Documents/IPDistress/project/Dependencies.scala
2023.02.22 16:09:43 WARN  no build target for: /home/brad/Documents/IPDistress/project/plugins.sbt
2023.02.22 16:09:43 INFO  skipping build import with status 'Dismissed'
2023.02.22 16:18:01 WARN  no build target for: /home/brad/Documents/IPDistress/build.sbt
2023.02.22 16:19:38 WARN  no build target for: /home/brad/Documents/IPDistress/js/src/main/scala/Main.scala
2023.02.22 16:19:55 WARN  no build target for: /home/brad/Documents/IPDistress/js/src/main/scala/Main.scala
2023.02.22 16:20:09 WARN  no build target for: /home/brad/Documents/IPDistress/js/src/main/scala/Main.scala
2023.02.22 16:23:44 WARN  no build target for: /home/brad/Documents/IPDistress/js/src/main/scala/Main.scala
2023.02.22 16:24:09 WARN  no build target for: /home/brad/Documents/IPDistress/js/src/main/scala/Main.scala
2023.02.22 16:24:18 WARN  no build target for: /home/brad/Documents/IPDistress/js/src/main/scala/Main.scala
2023.02.22 16:24:19 WARN  no build target for: /home/brad/Documents/IPDistress/js/src/main/scala/Main.scala
2023.02.22 16:25:03 WARN  no build target for: /home/brad/Documents/IPDistress/js/src/main/scala/Main.scala
2023.02.22 16:25:31 WARN  no build target for: /home/brad/Documents/IPDistress/js/src/main/scala/Main.scala
2023.02.22 16:26:16 WARN  no build target for: /home/brad/Documents/IPDistress/js/src/main/scala/Main.scala
2023.02.22 16:26:31 WARN  no build target for: /home/brad/Documents/IPDistress/js/src/main/scala/Main.scala
2023.02.22 16:26:34 WARN  no build target for: /home/brad/Documents/IPDistress/js/src/main/scala/Main.scala
2023.02.22 16:27:03 WARN  no build target for: /home/brad/Documents/IPDistress/js/src/main/scala/Main.scala
2023.02.22 16:27:17 WARN  no build target for: /home/brad/Documents/IPDistress/js/src/main/scala/Navbar.scala
2023.02.22 16:27:32 WARN  no build target for: /home/brad/Documents/IPDistress/js/src/main/scala/Main.scala
2023.02.22 16:27:39 WARN  no build target for: /home/brad/Documents/IPDistress/js/src/main/scala/Main.scala
2023.02.22 16:30:23 WARN  no build target for: /home/brad/Documents/IPDistress/js/src/main/scala/Navbar.scala
2023.02.22 16:30:32 WARN  no build target for: /home/brad/Documents/IPDistress/js/src/main/scala/Main.scala
2023.02.22 16:30:56 WARN  no build target for: /home/brad/Documents/IPDistress/js/src/main/scala/Navbar.scala
2023.02.22 17:05:29 WARN  no build target for: /home/brad/Documents/IPDistress/project/Dependencies.scala
2023.02.22 17:05:41 WARN  no build target for: /home/brad/Documents/IPDistress/build.sbt
2023.02.22 17:10:39 WARN  no build target for: /home/brad/Documents/IPDistress/build.sbt
2023.02.22 17:10:50 WARN  no build target for: /home/brad/Documents/IPDistress/build.sbt
2023.02.22 17:10:50 INFO  skipping build import with status 'Dismissed'
2023.02.22 17:17:13 WARN  no build target for: /home/brad/Documents/IPDistress/project/Dependencies.scala
2023.02.22 17:18:05 WARN  no build target for: /home/brad/Documents/IPDistress/build.sbt
2023.02.22 17:21:22 WARN  no build target for: /home/brad/Documents/IPDistress/js/src/main/scala/Navbar.scala
2023.02.22 17:25:53 WARN  no build target for: /home/brad/Documents/IPDistress/build.sbt
2023.02.22 17:26:56 WARN  no build target for: /home/brad/Documents/IPDistress/js/src/main/scala/Navbar.scala
2023.02.22 17:28:37 WARN  no build target for: /home/brad/Documents/IPDistress/js/src/main/scala/Navbar.scala
2023.02.22 17:29:35 WARN  no build target for: /home/brad/Documents/IPDistress/js/src/main/scala/Navbar.scala
2023.02.22 17:29:37 WARN  no build target for: /home/brad/Documents/IPDistress/js/src/main/scala/Navbar.scala
2023.02.22 17:29:45 WARN  no build target for: /home/brad/Documents/IPDistress/js/src/main/scala/Navbar.scala
2023.02.22 17:30:14 WARN  no build target for: /home/brad/Documents/IPDistress/js/src/main/scala/Navbar.scala
2023.02.22 17:31:14 WARN  no build target for: /home/brad/Documents/IPDistress/js/src/main/scala/Navbar.scala
2023.02.22 17:31:36 WARN  no build target for: /home/brad/Documents/IPDistress/js/src/main/scala/Navbar.scala
2023.02.22 17:31:43 WARN  no build target for: /home/brad/Documents/IPDistress/js/src/main/scala/Navbar.scala
2023.02.22 17:40:42 WARN  no build target for: /home/brad/Documents/IPDistress/js/src/main/scala/Navbar.scala
2023.02.22 17:41:26 WARN  no build target for: /home/brad/Documents/IPDistress/js/src/main/scala/Navbar.scala
2023.02.22 17:42:03 WARN  no build target for: /home/brad/Documents/IPDistress/js/src/main/scala/Navbar.scala
2023.02.22 17:42:28 WARN  no build target for: /home/brad/Documents/IPDistress/js/src/main/scala/Navbar.scala
2023.02.22 17:45:24 WARN  no build target for: /home/brad/Documents/IPDistress/js/src/main/scala/Navbar.scala
2023.02.22 17:45:42 WARN  no build target for: /home/brad/Documents/IPDistress/js/src/main/scala/Navbar.scala
Feb 22, 2023 5:46:01 PM org.eclipse.lsp4j.jsonrpc.RemoteEndpoint handleCancellation
WARNING: Unmatched cancel notification for request id 4367
2023.02.22 17:46:57 WARN  no build target for: /home/brad/Documents/IPDistress/js/src/main/scala/Navbar.scala
2023.02.22 17:47:02 WARN  no build target for: /home/brad/Documents/IPDistress/js/src/main/scala/Navbar.scala
2023.02.22 17:47:10 WARN  no build target for: /home/brad/Documents/IPDistress/js/src/main/scala/Navbar.scala
2023.02.22 17:47:14 WARN  no build target for: /home/brad/Documents/IPDistress/js/src/main/scala/Navbar.scala
2023.02.22 17:48:44 WARN  no build target for: /home/brad/Documents/IPDistress/js/src/main/scala/Navbar.scala
2023.02.22 17:48:47 WARN  no build target for: /home/brad/Documents/IPDistress/js/src/main/scala/Navbar.scala
2023.02.22 17:49:23 WARN  no build target for: /home/brad/Documents/IPDistress/js/src/main/scala/Navbar.scala
2023.02.22 17:50:48 WARN  no build target for: /home/brad/Documents/IPDistress/js/src/main/scala/Navbar.scala
2023.02.22 17:54:07 WARN  no build target for: /home/brad/Documents/IPDistress/js/src/main/scala/Navbar.scala
2023.02.22 17:54:22 WARN  no build target for: /home/brad/Documents/IPDistress/js/src/main/scala/Navbar.scala
2023.02.22 17:56:12 WARN  no build target for: /home/brad/Documents/IPDistress/js/src/main/scala/Navbar.scala
2023.02.22 18:00:02 WARN  no build target for: /home/brad/Documents/IPDistress/js/src/main/scala/Navbar.scala
2023.02.22 18:01:02 WARN  no build target for: /home/brad/Documents/IPDistress/js/src/main/scala/search/SearchRecord.scala
2023.02.22 18:01:05 WARN  no build target for: /home/brad/Documents/IPDistress/js/src/main/scala/search/SearchRecord.scala
2023.02.22 18:01:59 WARN  no build target for: /home/brad/Documents/IPDistress/js/src/main/scala/search/SearchRecord.scala
2023.02.22 18:03:28 WARN  no build target for: /home/brad/Documents/IPDistress/js/src/main/scala/search/SearchRecord.scala
2023.02.22 18:03:35 WARN  no build target for: /home/brad/Documents/IPDistress/js/src/main/scala/search/SearchRecord.scala
2023.02.22 18:03:40 WARN  no build target for: /home/brad/Documents/IPDistress/js/src/main/scala/search/SearchRecord.scala
2023.02.22 18:04:00 WARN  no build target for: /home/brad/Documents/IPDistress/js/src/main/scala/search/SearchRecord.scala
2023.02.22 18:04:15 WARN  no build target for: /home/brad/Documents/IPDistress/js/src/main/scala/search/SearchRecord.scala
2023.02.22 18:04:23 WARN  no build target for: /home/brad/Documents/IPDistress/js/src/main/scala/search/SearchRecord.scala
2023.02.22 18:04:29 WARN  no build target for: /home/brad/Documents/IPDistress/js/src/main/scala/search/SearchRecord.scala
2023.02.22 18:04:35 WARN  no build target for: /home/brad/Documents/IPDistress/js/src/main/scala/search/SearchRecord.scala
2023.02.22 18:04:36 WARN  no build target for: /home/brad/Documents/IPDistress/js/src/main/scala/search/SearchRecord.scala
2023.02.22 18:05:06 WARN  no build target for: /home/brad/Documents/IPDistress/js/src/main/scala/Navbar.scala
2023.02.22 18:05:45 WARN  no build target for: /home/brad/Documents/IPDistress/js/src/main/scala/search/SearchRecord.scala
2023.02.22 18:05:45 WARN  no build target for: /home/brad/Documents/IPDistress/js/src/main/scala/search/SearchRecord.scala
2023.02.22 18:05:51 WARN  no build target for: /home/brad/Documents/IPDistress/js/src/main/scala/Navbar.scala
2023.02.22 18:06:00 WARN  no build target for: /home/brad/Documents/IPDistress/js/src/main/scala/Navbar.scala
2023.02.22 18:08:30 WARN  no build target for: /home/brad/Documents/IPDistress/js/src/main/scala/Navbar.scala
Feb 22, 2023 6:08:52 PM org.eclipse.lsp4j.jsonrpc.RemoteEndpoint handleCancellation
WARNING: Unmatched cancel notification for request id 5940
2023.02.22 18:09:08 WARN  no build target for: /home/brad/Documents/IPDistress/js/src/main/scala/search/SearchRecord.scala
2023.02.22 18:09:17 WARN  no build target for: /home/brad/Documents/IPDistress/js/src/main/scala/Navbar.scala
2023.02.22 18:09:41 WARN  no build target for: /home/brad/Documents/IPDistress/js/src/main/scala/search/SearchRecord.scala
2023.02.22 18:09:52 WARN  no build target for: /home/brad/Documents/IPDistress/js/src/main/scala/search/SearchRecord.scala
2023.02.22 18:09:55 WARN  no build target for: /home/brad/Documents/IPDistress/js/src/main/scala/search/SearchRecord.scala
Feb 22, 2023 6:10:24 PM org.eclipse.lsp4j.jsonrpc.RemoteEndpoint handleCancellation
WARNING: Unmatched cancel notification for request id 6153
2023.02.22 18:10:34 WARN  no build target for: /home/brad/Documents/IPDistress/js/src/main/scala/Navbar.scala
2023.02.22 18:11:17 WARN  no build target for: /home/brad/Documents/IPDistress/js/src/main/scala/Navbar.scala
2023.02.22 18:11:47 WARN  no build target for: /home/brad/Documents/IPDistress/js/src/main/scala/Navbar.scala
2023.02.22 18:12:16 WARN  no build target for: /home/brad/Documents/IPDistress/js/src/main/scala/Navbar.scala
2023.02.22 18:12:41 WARN  no build target for: /home/brad/Documents/IPDistress/js/src/main/scala/Navbar.scala
2023.02.22 18:13:22 WARN  no build target for: /home/brad/Documents/IPDistress/js/src/main/scala/Navbar.scala
2023.02.22 18:13:30 WARN  no build target for: /home/brad/Documents/IPDistress/js/src/main/scala/Navbar.scala
2023.02.22 18:14:56 WARN  no build target for: /home/brad/Documents/IPDistress/js/src/main/scala/Navbar.scala
2023.02.22 18:15:29 WARN  no build target for: /home/brad/Documents/IPDistress/js/src/main/scala/Navbar.scala
2023.02.22 18:15:39 WARN  no build target for: /home/brad/Documents/IPDistress/js/src/main/scala/Navbar.scala
2023.02.22 18:15:52 WARN  no build target for: /home/brad/Documents/IPDistress/js/src/main/scala/Navbar.scala
2023.02.22 18:16:10 WARN  no build target for: /home/brad/Documents/IPDistress/js/src/main/scala/search/SearchRecord.scala
2023.02.22 18:16:20 WARN  no build target for: /home/brad/Documents/IPDistress/js/src/main/scala/search/SearchRecord.scala
2023.02.22 18:16:23 WARN  no build target for: /home/brad/Documents/IPDistress/js/src/main/scala/search/SearchRecord.scala
2023.02.22 18:16:32 WARN  no build target for: /home/brad/Documents/IPDistress/js/src/main/scala/search/SearchRecord.scala
2023.02.22 18:16:43 WARN  no build target for: /home/brad/Documents/IPDistress/js/src/main/scala/Navbar.scala
Feb 22, 2023 6:16:48 PM org.eclipse.lsp4j.jsonrpc.RemoteEndpoint handleCancellation
WARNING: Unmatched cancel notification for request id 6691
2023.02.22 18:16:52 WARN  no build target for: /home/brad/Documents/IPDistress/js/src/main/scala/Navbar.scala
2023.02.22 18:17:04 WARN  no build target for: /home/brad/Documents/IPDistress/js/src/main/scala/Navbar.scala
2023.02.22 18:17:43 WARN  no build target for: /home/brad/Documents/IPDistress/js/src/main/scala/Navbar.scala
2023.02.22 18:17:53 WARN  no build target for: /home/brad/Documents/IPDistress/js/src/main/scala/Navbar.scala
2023.02.22 18:19:27 WARN  no build target for: /home/brad/Documents/IPDistress/js/src/main/scala/Navbar.scala
2023.02.22 18:20:19 WARN  no build target for: /home/brad/Documents/IPDistress/js/src/main/scala/search/SearchRecord.scala
2023.02.22 18:21:54 WARN  no build target for: /home/brad/Documents/IPDistress/js/src/main/scala/Navbar.scala
2023.02.22 18:22:47 WARN  no build target for: /home/brad/Documents/IPDistress/js/src/main/scala/Navbar.scala
2023.02.22 18:27:18 WARN  no build target for: /home/brad/Documents/IPDistress/js/src/main/scala/StaticComponent.scala
2023.02.22 18:29:13 WARN  no build target for: /home/brad/Documents/IPDistress/js/src/main/scala/Main.scala
2023.02.22 18:29:22 WARN  no build target for: /home/brad/Documents/IPDistress/js/src/main/scala/Main.scala
2023.02.22 18:29:36 WARN  no build target for: /home/brad/Documents/IPDistress/js/src/main/scala/Main.scala
2023.02.22 18:29:46 WARN  no build target for: /home/brad/Documents/IPDistress/js/src/main/scala/Main.scala
2023.02.22 18:29:51 WARN  no build target for: /home/brad/Documents/IPDistress/js/src/main/scala/Main.scala
2023.02.22 18:30:36 WARN  no build target for: /home/brad/Documents/IPDistress/js/src/main/scala/Navbar.scala
2023.02.22 18:30:47 WARN  no build target for: /home/brad/Documents/IPDistress/js/src/main/scala/Navbar.scala
2023.02.22 18:30:59 WARN  no build target for: /home/brad/Documents/IPDistress/js/src/main/scala/StaticComponent.scala
2023.02.22 18:33:05 WARN  no build target for: /home/brad/Documents/IPDistress/js/src/main/scala/StaticComponent.scala
2023.02.22 18:34:26 WARN  no build target for: /home/brad/Documents/IPDistress/js/src/main/scala/Navbar.scala
2023.02.22 18:34:40 WARN  no build target for: /home/brad/Documents/IPDistress/js/src/main/scala/Navbar.scala
2023.02.22 18:34:47 WARN  no build target for: /home/brad/Documents/IPDistress/js/src/main/scala/Navbar.scala
2023.02.22 18:35:04 WARN  no build target for: /home/brad/Documents/IPDistress/js/src/main/scala/Main.scala
2023.02.22 18:35:29 WARN  no build target for: /home/brad/Documents/IPDistress/js/src/main/scala/Main.scala
2023.02.22 18:35:45 WARN  no build target for: /home/brad/Documents/IPDistress/js/src/main/scala/Navbar.scala
2023.02.22 18:35:51 WARN  no build target for: /home/brad/Documents/IPDistress/js/src/main/scala/Navbar.scala
2023.02.22 18:36:20 WARN  no build target for: /home/brad/Documents/IPDistress/js/src/main/scala/Navbar.scala
2023.02.22 18:40:58 WARN  no build target for: /home/brad/Documents/IPDistress/js/src/main/scala/components/Navbar.scala
2023.02.22 18:41:12 WARN  no build target for: /home/brad/Documents/IPDistress/js/src/main/scala/components/Navbar.scala
2023.02.22 18:41:32 WARN  no build target for: /home/brad/Documents/IPDistress/js/src/main/scala/Main.scala
2023.02.22 18:41:46 WARN  no build target for: /home/brad/Documents/IPDistress/js/src/main/scala/components/Navbar.scala
2023.02.22 18:44:12 WARN  no build target for: /home/brad/Documents/IPDistress/js/src/main/scala/StaticComponent.scala
2023.02.22 18:45:29 WARN  no build target for: /home/brad/Documents/IPDistress/js/src/main/scala/pages/Hub.scala
2023.02.22 18:45:37 WARN  no build target for: /home/brad/Documents/IPDistress/js/src/main/scala/pages/Hub.scala
2023.02.22 18:46:31 WARN  no build target for: /home/brad/Documents/IPDistress/js/src/main/scala/pages/Launch.scala
2023.02.22 18:46:35 WARN  no build target for: /home/brad/Documents/IPDistress/js/src/main/scala/pages/Launch.scala
2023.02.22 18:46:46 WARN  no build target for: /home/brad/Documents/IPDistress/js/src/main/scala/pages/Page.scala
2023.02.22 18:48:29 WARN  no build target for: /home/brad/Documents/IPDistress/js/src/main/scala/pages/Page.scala
2023.02.22 18:48:46 WARN  no build target for: /home/brad/Documents/IPDistress/js/src/main/scala/pages/Page.scala
2023.02.22 18:51:03 WARN  no build target for: /home/brad/Documents/IPDistress/js/src/main/scala/StaticComponent.scala
2023.02.22 18:51:11 WARN  no build target for: /home/brad/Documents/IPDistress/js/src/main/scala/StaticComponent.scala
2023.02.22 18:52:08 WARN  no build target for: /home/brad/Documents/IPDistress/js/src/main/scala/pages/Page.scala
2023.02.22 18:52:23 WARN  no build target for: /home/brad/Documents/IPDistress/js/src/main/scala/pages/Page.scala
2023.02.22 18:52:30 WARN  no build target for: /home/brad/Documents/IPDistress/js/src/main/scala/pages/Launch.scala
2023.02.22 18:52:48 WARN  no build target for: /home/brad/Documents/IPDistress/js/src/main/scala/pages/LaunchPage.scala
2023.02.22 18:53:16 WARN  no build target for: /home/brad/Documents/IPDistress/js/src/main/scala/pages/Page.scala
2023.02.22 18:53:16 WARN  no build target for: /home/brad/Documents/IPDistress/js/src/main/scala/pages/Page.scala
2023.02.22 18:53:24 WARN  no build target for: /home/brad/Documents/IPDistress/js/src/main/scala/pages/Page.scala
2023.02.22 18:54:17 WARN  no build target for: /home/brad/Documents/IPDistress/js/src/main/scala/pages/Page.scala
2023.02.22 18:54:57 WARN  no build target for: /home/brad/Documents/IPDistress/js/src/main/scala/pages/LaunchPage.scala
2023.02.22 18:55:14 WARN  no build target for: /home/brad/Documents/IPDistress/js/src/main/scala/pages/LaunchPage.scala
2023.02.22 18:55:20 WARN  no build target for: /home/brad/Documents/IPDistress/js/src/main/scala/pages/LaunchPage.scala
2023.02.22 18:58:48 WARN  no build target for: /home/brad/Documents/IPDistress/js/src/main/scala/pages/launchpage/ProductSwitch.scala
2023.02.22 18:58:56 WARN  no build target for: /home/brad/Documents/IPDistress/js/src/main/scala/pages/launchpage/ProductSwitch.scala
2023.02.22 18:59:08 WARN  no build target for: /home/brad/Documents/IPDistress/js/src/main/scala/pages/LaunchPage.scala
2023.02.22 19:02:49 WARN  no build target for: /home/brad/Documents/IPDistress/js/src/main/scala/pages/launchpage/ProductSwitch.scala
2023.02.22 19:03:28 WARN  no build target for: /home/brad/Documents/IPDistress/js/src/main/scala/pages/Page.scala
2023.02.22 19:03:35 WARN  no build target for: /home/brad/Documents/IPDistress/js/src/main/scala/pages/Page.scala
2023.02.22 19:04:05 WARN  no build target for: /home/brad/Documents/IPDistress/js/src/main/scala/pages/launchpage/ProductSwitch.scala
2023.02.22 19:04:10 WARN  no build target for: /home/brad/Documents/IPDistress/js/src/main/scala/pages/launchpage/ProductSwitch.scala
2023.02.22 19:04:12 WARN  no build target for: /home/brad/Documents/IPDistress/js/src/main/scala/pages/launchpage/ProductSwitch.scala
2023.02.22 19:04:25 WARN  no build target for: /home/brad/Documents/IPDistress/js/src/main/scala/pages/launchpage/PageSwitch.scala
2023.02.22 19:04:46 WARN  no build target for: /home/brad/Documents/IPDistress/js/src/main/scala/pages/LaunchPage.scala
2023.02.22 19:05:25 WARN  no build target for: /home/brad/Documents/IPDistress/js/src/main/scala/pages/NavPage.scala
2023.02.22 19:05:47 WARN  no build target for: /home/brad/Documents/IPDistress/js/src/main/scala/Main.scala
2023.02.22 19:05:50 WARN  no build target for: /home/brad/Documents/IPDistress/js/src/main/scala/Main.scala
2023.02.22 19:06:17 WARN  no build target for: /home/brad/Documents/IPDistress/js/src/main/scala/pages/NavPage.scala
2023.02.22 19:06:41 WARN  no build target for: /home/brad/Documents/IPDistress/js/src/main/scala/Main.scala
2023.02.22 19:08:40 WARN  no build target for: /home/brad/Documents/IPDistress/js/src/main/scala/pages/NavPage.scala
2023.02.22 19:08:47 WARN  no build target for: /home/brad/Documents/IPDistress/js/src/main/scala/pages/NavPage.scala
2023.02.22 19:09:05 WARN  no build target for: /home/brad/Documents/IPDistress/js/src/main/scala/Main.scala
2023.02.22 19:09:09 WARN  no build target for: /home/brad/Documents/IPDistress/js/src/main/scala/Main.scala
2023.02.22 19:10:39 WARN  no build target for: /home/brad/Documents/IPDistress/js/src/main/scala/pages/launchpage/Bar.scala
2023.02.22 19:10:47 WARN  no build target for: /home/brad/Documents/IPDistress/js/src/main/scala/pages/launchpage/Navbar.scala
2023.02.22 19:11:06 WARN  no build target for: /home/brad/Documents/IPDistress/js/src/main/scala/pages/launchpage/Navbar.scala
2023.02.22 19:14:28 WARN  no build target for: /home/brad/Documents/IPDistress/js/src/main/scala/pages/launchpage/Navbar.scala
2023.02.22 19:15:06 WARN  no build target for: /home/brad/Documents/IPDistress/js/src/main/scala/pages/NavPage.scala
2023.02.22 19:15:41 WARN  no build target for: /home/brad/Documents/IPDistress/js/src/main/scala/pages/NavPage.scala
2023.02.22 19:16:46 WARN  no build target for: /home/brad/Documents/IPDistress/js/src/main/scala/pages/NavPage.scala
2023.02.22 19:17:02 WARN  no build target for: /home/brad/Documents/IPDistress/js/src/main/scala/pages/NavPage.scala
2023.02.22 19:17:05 WARN  no build target for: /home/brad/Documents/IPDistress/js/src/main/scala/pages/NavPage.scala
2023.02.22 19:17:22 WARN  no build target for: /home/brad/Documents/IPDistress/js/src/main/scala/pages/NavPage.scala
2023.02.22 19:18:06 WARN  no build target for: /home/brad/Documents/IPDistress/js/src/main/scala/pages/NavPage.scala
2023.02.22 19:18:33 WARN  no build target for: /home/brad/Documents/IPDistress/js/src/main/scala/pages/NavPage.scala
2023.02.22 19:18:55 WARN  no build target for: /home/brad/Documents/IPDistress/js/src/main/scala/pages/NavPage.scala
2023.02.22 19:19:05 WARN  no build target for: /home/brad/Documents/IPDistress/js/src/main/scala/pages/NavPage.scala
2023.02.22 19:20:04 WARN  no build target for: /home/brad/Documents/IPDistress/js/src/main/scala/pages/NavPage.scala
2023.02.22 19:20:10 WARN  no build target for: /home/brad/Documents/IPDistress/js/src/main/scala/pages/NavPage.scala
2023.02.22 19:20:53 WARN  no build target for: /home/brad/Documents/IPDistress/js/src/main/scala/pages/NavPage.scala
2023.02.22 19:21:08 WARN  no build target for: /home/brad/Documents/IPDistress/js/src/main/scala/pages/NavPage.scala
2023.02.22 19:21:27 WARN  no build target for: /home/brad/Documents/IPDistress/js/src/main/scala/pages/NavPage.scala
2023.02.22 19:21:35 WARN  no build target for: /home/brad/Documents/IPDistress/js/src/main/scala/pages/NavPage.scala
2023.02.22 19:23:27 WARN  no build target for: /home/brad/Documents/IPDistress/js/src/main/scala/pages/NavPage.scala
Feb 22, 2023 7:24:28 PM org.eclipse.lsp4j.jsonrpc.RemoteEndpoint handleCancellation
WARNING: Unmatched cancel notification for request id 11098
2023.02.22 19:24:33 WARN  no build target for: /home/brad/Documents/IPDistress/js/src/main/scala/pages/NavPage.scala
2023.02.22 19:24:38 WARN  no build target for: /home/brad/Documents/IPDistress/js/src/main/scala/pages/NavPage.scala
2023.02.22 19:31:10 WARN  no build target for: /home/brad/Documents/IPDistress/js/src/main/scala/pages/NavPage.scala
2023.02.22 19:42:18 WARN  no build target for: /home/brad/Documents/IPDistress/js/src/main/scala/pages/NavPage.scala
2023.02.22 19:42:52 WARN  no build target for: /home/brad/Documents/IPDistress/js/src/main/scala/pages/NavPage.scala
2023.02.22 19:43:40 WARN  no build target for: /home/brad/Documents/IPDistress/js/src/main/scala/pages/NavPage.scala
2023.02.22 19:44:47 WARN  no build target for: /home/brad/Documents/IPDistress/js/src/main/scala/pages/launchpage/PageSwitch.scala
2023.02.22 19:45:44 WARN  no build target for: /home/brad/Documents/IPDistress/js/src/main/scala/pages/launchpage/PageSwitchItem.scala
2023.02.22 19:45:51 WARN  no build target for: /home/brad/Documents/IPDistress/js/src/main/scala/pages/launchpage/PageSwitchItem.scala
2023.02.22 19:46:33 WARN  no build target for: /home/brad/Documents/IPDistress/js/src/main/scala/search/SearchRecord.scala
2023.02.22 19:46:36 WARN  no build target for: /home/brad/Documents/IPDistress/js/src/main/scala/search/SearchRecord.scala
2023.02.22 19:46:58 WARN  no build target for: /home/brad/Documents/IPDistress/js/src/main/scala/search/SearchRecord.scala
2023.02.22 19:47:01 WARN  no build target for: /home/brad/Documents/IPDistress/js/src/main/scala/search/SearchRecord.scala
2023.02.22 19:47:10 WARN  no build target for: /home/brad/Documents/IPDistress/js/src/main/scala/search/SearchRecord.scala
2023.02.22 19:47:10 WARN  no build target for: /home/brad/Documents/IPDistress/js/src/main/scala/search/SearchRecord.scala
2023.02.22 19:47:16 WARN  no build target for: /home/brad/Documents/IPDistress/js/src/main/scala/search/SearchRecord.scala
2023.02.22 19:47:33 WARN  no build target for: /home/brad/Documents/IPDistress/js/src/main/scala/state/PageRecord.scala
2023.02.22 19:47:46 WARN  no build target for: /home/brad/Documents/IPDistress/js/src/main/scala/state/PageRecord.scala
2023.02.22 19:53:08 WARN  no build target for: /home/brad/Documents/IPDistress/js/src/main/scala/pages/launchpage/PageSwitch.scala
2023.02.22 19:53:16 WARN  no build target for: /home/brad/Documents/IPDistress/js/src/main/scala/pages/launchpage/PageSwitch.scala
2023.02.22 19:54:03 WARN  no build target for: /home/brad/Documents/IPDistress/js/src/main/scala/components/Navbar.scala
2023.02.22 19:54:20 WARN  no build target for: /home/brad/Documents/IPDistress/js/src/main/scala/components/Navbar.scala
2023.02.22 19:54:46 WARN  no build target for: /home/brad/Documents/IPDistress/js/src/main/scala/pages/NavPage.scala
2023.02.22 19:54:57 WARN  no build target for: /home/brad/Documents/IPDistress/js/src/main/scala/pages/NavPage.scala
2023.02.22 19:55:18 WARN  no build target for: /home/brad/Documents/IPDistress/js/src/main/scala/components/Navbar.scala
2023.02.22 19:55:26 WARN  no build target for: /home/brad/Documents/IPDistress/js/src/main/scala/pages/launchpage/PageSwitch.scala
2023.02.22 19:56:10 WARN  no build target for: /home/brad/Documents/IPDistress/js/src/main/scala/pages/launchpage/PageSwitch.scala
2023.02.22 19:56:13 WARN  no build target for: /home/brad/Documents/IPDistress/js/src/main/scala/pages/launchpage/PageSwitch.scala
2023.02.22 19:56:23 WARN  no build target for: /home/brad/Documents/IPDistress/js/src/main/scala/pages/launchpage/PageSwitch.scala
2023.02.22 19:56:35 WARN  no build target for: /home/brad/Documents/IPDistress/js/src/main/scala/pages/launchpage/PageSwitch.scala
2023.02.22 19:58:05 WARN  no build target for: /home/brad/Documents/IPDistress/js/src/main/scala/pages/launchpage/PageSwitch.scala
2023.02.22 19:58:08 WARN  no build target for: /home/brad/Documents/IPDistress/js/src/main/scala/pages/launchpage/PageSwitch.scala
2023.02.22 20:10:44 WARN  no build target for: /home/brad/Documents/IPDistress/js/src/main/scala/pages/launchpage/PageSwitch.scala
2023.02.22 20:10:58 WARN  no build target for: /home/brad/Documents/IPDistress/js/src/main/scala/pages/launchpage/PageSwitch.scala
2023.02.22 20:11:19 WARN  no build target for: /home/brad/Documents/IPDistress/js/src/main/scala/pages/launchpage/PageSwitch.scala
2023.02.22 20:12:30 WARN  no build target for: /home/brad/Documents/IPDistress/js/src/main/scala/pages/launchpage/PageSwitch.scala
2023.02.22 20:14:16 WARN  no build target for: /home/brad/Documents/IPDistress/js/src/main/scala/pages/launchpage/PageSwitch.scala
2023.02.22 20:14:32 WARN  no build target for: /home/brad/Documents/IPDistress/js/src/main/scala/pages/launchpage/PageSwitch.scala
2023.02.22 20:21:55 WARN  no build target for: /home/brad/Documents/IPDistress/js/src/main/scala/pages/NavPage.scala
2023.02.22 20:22:59 WARN  no build target for: /home/brad/Documents/IPDistress/js/src/main/scala/pages/launchpage/PageSwitch.scala
2023.02.22 20:23:39 WARN  no build target for: /home/brad/Documents/IPDistress/js/src/main/scala/pages/NavPage.scala
2023.02.22 20:23:47 WARN  no build target for: /home/brad/Documents/IPDistress/js/src/main/scala/pages/NavPage.scala
2023.02.22 20:26:10 WARN  no build target for: /home/brad/Documents/IPDistress/js/src/main/scala/pages/launchpage/PageSwitch.scala
2023.02.22 20:26:33 WARN  no build target for: /home/brad/Documents/IPDistress/js/src/main/scala/pages/launchpage/PageSwitch.scala
2023.02.22 20:26:41 WARN  no build target for: /home/brad/Documents/IPDistress/js/src/main/scala/pages/launchpage/PageSwitch.scala
2023.02.22 20:26:49 WARN  no build target for: /home/brad/Documents/IPDistress/js/src/main/scala/pages/launchpage/PageSwitch.scala
2023.02.22 20:26:50 WARN  no build target for: /home/brad/Documents/IPDistress/js/src/main/scala/pages/launchpage/PageSwitch.scala
2023.02.22 20:27:40 WARN  no build target for: /home/brad/Documents/IPDistress/js/src/main/scala/pages/NavPage.scala
2023.02.22 20:28:11 WARN  no build target for: /home/brad/Documents/IPDistress/js/src/main/scala/pages/NavPage.scala
2023.02.22 20:29:01 WARN  no build target for: /home/brad/Documents/IPDistress/js/src/main/scala/pages/NavPage.scala
2023.02.22 20:30:44 WARN  no build target for: /home/brad/Documents/IPDistress/js/src/main/scala/pages/NavPage.scala
2023.02.22 20:32:07 WARN  no build target for: /home/brad/Documents/IPDistress/js/src/main/scala/pages/NavPage.scala
2023.02.22 20:32:24 WARN  no build target for: /home/brad/Documents/IPDistress/js/src/main/scala/pages/NavPage.scala
2023.02.22 20:34:12 WARN  no build target for: /home/brad/Documents/IPDistress/js/src/main/scala/pages/NavPage.scala
